Syntax error at Line [0]: illegal (
Syntax error at Line [0]: illegal float
Syntax error at Line [0]: illegal id
Syntax error at Line [0]: illegal ,
Syntax error at Line [0]: illegal int
Syntax error at Line [0]: illegal id
Syntax error at Line [0]: illegal )
Syntax error at Line [0]: illegal {
Syntax error at Line [1]: illegal float
Syntax error at Line [1]: illegal id
Syntax error at Line [3]: illegal return
Syntax error at Line [3]: illegal ;
Syntax error at Line [4]: illegal }
Syntax error at Line [6]: illegal int
Syntax error at Line [6]: illegal (
Syntax error at Line [6]: illegal )
Syntax error at Line [6]: illegal {
Syntax error at Line [7]: illegal float
Syntax error at Line [7]: illegal id
Syntax error at Line [15]: illegal float
Syntax error at Line [15]: illegal =
Syntax error at Line [15]: illegal const
Syntax error at Line [15]: illegal ;
Syntax error at Line [17]: illegal int
Syntax error at Line [35]: illegal }
